[18:19:57] [INIT] KubeJS 2001.6.5-build.16; MC 2001 forge
[18:19:57] [INIT] Loaded plugins:
[18:19:57] [INIT] - dev.latvian.mods.kubejs.forge.BuiltinKubeJSForgePlugin
[18:19:57] [INIT] - dev.latvian.mods.kubejs.forge.BuiltinKubeJSForgeClientPlugin
[18:19:57] [INIT] - dev.latvian.mods.kubejs.integration.forge.gamestages.GameStagesIntegration
[18:19:57] [INIT] - pro.mikey.kubeutils.kubejs.KubeUtilsPlugin
[18:19:57] [INIT] - net.zhaiji.kubejscurios.kubejs.KubeJSCuriosPlugin
[18:19:57] [INIT] - com.jesz.createdieselgenerators.compat.kubejs.CDGKubeJSPlugin
[18:19:57] [INIT] - com.lowdragmc.lowdraglib.kjs.LDLibKubeJSPlugin
[18:19:57] [INIT] - pie.ilikepiefoo.kubejsoffline.OfflinePlugin
[18:19:57] [INIT] - com.lowdragmc.mbd2.integration.kubejs.MBDKubeJSPlugin
[18:19:57] [INIT] - dev.latvian.mods.kubejs.create.KubeJSCreatePlugin
[18:19:57] [INIT] - com.almostreliable.morejs.Plugin
[18:19:57] [INIT] - dev.latvian.kubejs.mekanism.MekanismKubeJSPlugin
[18:19:57] [INIT] - pie.ilikepiefoo.AdditionsPlugin
[18:19:57] [INIT] - pie.ilikepiefoo.compat.jei.JEIKubeJSPlugin
[18:19:57] [INIT] - qinomed.kubejsdelight.KubeJSDelightPlugin
[18:19:57] [INIT] - com.almostreliable.lootjs.kube.LootJSPlugin
[18:19:57] [INIT] - com.probejs.ProbeJSPlugin
[18:19:57] [INIT] - com.almostreliable.summoningrituals.compat.kubejs.AlmostKube
[18:19:57] [INIT] - com.almostreliable.ponderjs.KubePlugin
[18:19:57] [INIT] - net.cathienova.kubejsbloodmagic.KubeJSBloodMagicPlugin
[18:19:57] [INFO] alex_cave/alex_cave_add.js#21: Hello, World! (Loaded Alex's Cave addition server scripts)
[18:19:57] [INFO] Loaded script server_scripts:alex_cave/alex_cave_add.js in 0.001 s
[18:19:57] [INFO] ae2/ae2_remove.js#11: Hello, World! (Loaded AE2 removal server scripts)
[18:19:57] [INFO] Loaded script server_scripts:ae2/ae2_remove.js in 0.001 s
[18:19:57] [INFO] alex_cave/alex_cave_remove.js#6: Hello, World! (Loaded Alex's Cave removal server scripts)
[18:19:57] [INFO] Loaded script server_scripts:alex_cave/alex_cave_remove.js in 0.001 s
[18:19:57] [INFO] chests/chest.js#62: Hello, World! (Loaded Chest substitution server scripts)
[18:19:57] [INFO] Loaded script server_scripts:chests/chest.js in 0.002 s
[18:19:57] [INFO] create/create_remove.js#191: Hello, World! (Loaded Create removal server scripts)
[18:19:57] [INFO] Loaded script server_scripts:create/create_remove.js in 0.002 s
[18:19:57] [INFO] enigmatic_legacy/remove.js#34: Hello, World! (Loaded EnigmaticLegacy removal server scripts)
[18:19:57] [INFO] Loaded script server_scripts:enigmatic_legacy/remove.js in 0.001 s
[18:19:58] [INFO] skilltree/skilltree.js#11: Hello, World! (Loaded Skilltree removal server scripts)
[18:19:58] [INFO] Loaded script server_scripts:skilltree/skilltree.js in 0.001 s
[18:19:58] [INFO] trade/trade.js#9: Hello, World! (Loaded Trader removal server scripts)
[18:19:58] [INFO] Loaded script server_scripts:trade/trade.js in 0.0 s
[18:19:58] [INFO] vanilla/campfire_remove.js#11: Hello, World! (Loaded Vanilla Campfire removal server scripts)
[18:19:58] [INFO] Loaded script server_scripts:vanilla/campfire_remove.js in 0.001 s
[18:19:58] [INFO] vanilla/vanilla._remove.js#121: Hello, World! (Loaded Vanilla removal server scripts)
[18:19:58] [INFO] Loaded script server_scripts:vanilla/vanilla._remove.js in 0.001 s
[18:19:58] [INFO] Loaded 10/10 KubeJS server scripts in 0.024 s with 0 errors and 0 warnings
[18:19:58] [INFO] Scripts loaded
[18:19:58] [INFO] Initializing recipe event...
[18:19:59] [INFO] Processing recipes...
[18:19:59] [WARN] Failed to parse recipe 'butcher:smoker/smoker_turtlemeat[minecraft:smoking]'! Falling back to vanilla: ItemStack 'result' can't be empty!
[18:19:59] [WARN] Failed to parse recipe 'outer_end:himmel_vertical_slab[minecraft:crafting_shaped]'! Falling back to vanilla: ItemStack 'result' can't be empty!
[18:19:59] [WARN] Failed to parse recipe 'mekanism:rotary/hydrofluoric_acid[mekanism:rotary]'! Falling back to vanilla: Cannot invoke "com.google.gson.JsonElement.getAsString()" because the return value of "com.google.gson.JsonObject.get(String)" is null
[18:19:59] [WARN] Failed to parse recipe 'mekanism:rotary/sulfuric_acid[mekanism:rotary]'! Falling back to vanilla: Cannot invoke "com.google.gson.JsonElement.getAsString()" because the return value of "com.google.gson.JsonObject.get(String)" is null
[18:19:59] [WARN] Failed to parse recipe 'outer_end:violite/mossy_bricks/vertical_slab_stonecutting[minecraft:stonecutting]'! Falling back to vanilla: ItemStack 'result' can't be empty!
[18:19:59] [WARN] Failed to parse recipe 'outer_end:violite/tiles/vertical_slab_stonecutting[minecraft:stonecutting]'! Falling back to vanilla: ItemStack 'result' can't be empty!
[18:19:59] [WARN] Failed to parse recipe 'mekanism:rotary/hydrogen_chloride[mekanism:rotary]'! Falling back to vanilla: Cannot invoke "com.google.gson.JsonElement.getAsString()" because the return value of "com.google.gson.JsonObject.get(String)" is null
[18:19:59] [WARN] Failed to parse recipe 'outer_end:violite/mossy_tiles/vertical_slab_stonecutting[minecraft:stonecutting]'! Falling back to vanilla: ItemStack 'result' can't be empty!
[18:19:59] [WARN] Failed to parse recipe 'mekanism:rotary/superheated_sodium[mekanism:rotary]'! Falling back to vanilla: Cannot invoke "com.google.gson.JsonElement.getAsString()" because the return value of "com.google.gson.JsonObject.get(String)" is null
[18:19:59] [WARN] Failed to parse recipe 'mekanism:processing/copper/slurry/clean[mekanism:washing]'! Falling back to vanilla: Cannot invoke "com.google.gson.JsonElement.getAsString()" because the return value of "com.google.gson.JsonObject.get(String)" is null
[18:19:59] [WARN] Failed to parse recipe 'mekanism:processing/gold/slurry/clean[mekanism:washing]'! Falling back to vanilla: Cannot invoke "com.google.gson.JsonElement.getAsString()" because the return value of "com.google.gson.JsonObject.get(String)" is null
[18:19:59] [WARN] Failed to parse recipe 'butcher:smoker/smoker_porkbelly[minecraft:smoking]'! Falling back to vanilla: ItemStack 'result' can't be empty!
[18:19:59] [WARN] Failed to parse recipe 'farmersdelight:cutting/azure_door[farmersdelight:cutting]'! Falling back to vanilla: Failed to parse custom ingredient ("farmersdelight:tool") from {"type":"farmersdelight:tool","tool":"axe"}: com.google.gson.JsonSyntaxException: Unknown ingredient type: farmersdelight:tool
[18:19:59] [WARN] Failed to parse recipe 'cataclysm:stonecutting/azure_seastone_brick_stair_from_stonecutting[minecraft:stonecutting]'! Falling back to vanilla: ItemStack 'result' can't be empty!
[18:19:59] [WARN] Failed to parse recipe 'mekanism:rotary/sulfur_trioxide[mekanism:rotary]'! Falling back to vanilla: Cannot invoke "com.google.gson.JsonElement.getAsString()" because the return value of "com.google.gson.JsonObject.get(String)" is null
[18:19:59] [WARN] Failed to parse recipe 'mekanism:processing/lategame/polonium_pellet/from_reaction[mekanism:reaction]'! Falling back to vanilla: Cannot invoke "com.google.gson.JsonElement.getAsString()" because the return value of "com.google.gson.JsonObject.get(String)" is null
[18:19:59] [WARN] Failed to parse recipe 'butcher:smoker/smoker_sirloinsteak[minecraft:smoking]'! Falling back to vanilla: ItemStack 'result' can't be empty!
[18:19:59] [WARN] Failed to parse recipe 'mekanism:processing/lategame/plutonium_pellet/from_reaction[mekanism:reaction]'! Falling back to vanilla: Cannot invoke "com.google.gson.JsonElement.getAsString()" because the return value of "com.google.gson.JsonObject.get(String)" is null
[18:19:59] [WARN] Failed to parse recipe 'mekanism:reaction/wood_gasification/wooden_slabs[mekanism:reaction]'! Falling back to vanilla: Cannot invoke "com.google.gson.JsonElement.getAsString()" because the return value of "com.google.gson.JsonObject.get(String)" is null
[18:19:59] [WARN] Failed to parse recipe 'outer_end:violite/tiles/vertical_slab_from_violite_stonecutting[minecraft:stonecutting]'! Falling back to vanilla: ItemStack 'result' can't be empty!
[18:19:59] [WARN] Failed to parse recipe 'outer_end:violite/bricks/vertical_slab[minecraft:crafting_shaped]'! Falling back to vanilla: ItemStack 'result' can't be empty!
[18:19:59] [WARN] Failed to parse recipe 'outer_end:stripped_azure_post[minecraft:crafting_shaped]'! Falling back to vanilla: ItemStack 'result' can't be empty!
[18:19:59] [WARN] Failed to parse recipe 'butcher:smoker/smoker_ribeyesteak[minecraft:smoking]'! Falling back to vanilla: ItemStack 'result' can't be empty!
[18:19:59] [WARN] Failed to parse recipe 'mekanism:reaction/coal_gasification/blocks_coals[mekanism:reaction]'! Falling back to vanilla: Cannot invoke "com.google.gson.JsonElement.getAsString()" because the return value of "com.google.gson.JsonObject.get(String)" is null
[18:19:59] [WARN] Failed to parse recipe 'butcher:smoker/smoker_porkleg[minecraft:smoking]'! Falling back to vanilla: ItemStack 'result' can't be empty!
[18:19:59] [WARN] Failed to parse recipe 'butcher:smoker/smoker_greenfrogsleg[minecraft:smoking]'! Falling back to vanilla: ItemStack 'result' can't be empty!
[18:19:59] [WARN] Failed to parse recipe 'butcher:smoker/smoker_lambshoulder[minecraft:smoking]'! Falling back to vanilla: ItemStack 'result' can't be empty!
[18:19:59] [WARN] Failed to parse recipe 'mekanism:rotary/chlorine[mekanism:rotary]'! Falling back to vanilla: Cannot invoke "com.google.gson.JsonElement.getAsString()" because the return value of "com.google.gson.JsonObject.get(String)" is null
[18:19:59] [WARN] Failed to parse recipe 'butcher:smoker/smoker_legoflamb[minecraft:smoking]'! Falling back to vanilla: ItemStack 'result' can't be empty!
[18:19:59] [WARN] Failed to parse recipe 'mekanism:reaction/coal_gasification/dusts_coals[mekanism:reaction]'! Falling back to vanilla: Cannot invoke "com.google.gson.JsonElement.getAsString()" because the return value of "com.google.gson.JsonObject.get(String)" is null
[18:19:59] [WARN] Failed to parse recipe 'mekanism:processing/osmium/slurry/clean[mekanism:washing]'! Falling back to vanilla: Cannot invoke "com.google.gson.JsonElement.getAsString()" because the return value of "com.google.gson.JsonObject.get(String)" is null
[18:19:59] [WARN] Failed to parse recipe 'outer_end:violite/bricks/vertical_slab_stonecutting[minecraft:stonecutting]'! Falling back to vanilla: ItemStack 'result' can't be empty!
[18:19:59] [WARN] Failed to parse recipe 'butcher:smoker/smoker_batmeat[minecraft:smoking]'! Falling back to vanilla: ItemStack 'result' can't be empty!
[18:19:59] [WARN] Failed to parse recipe 'mekanism:rotary/steam[mekanism:rotary]'! Falling back to vanilla: Cannot invoke "com.google.gson.JsonElement.getAsString()" because the return value of "com.google.gson.JsonObject.get(String)" is null
[18:19:59] [WARN] Failed to parse recipe 'butcher:smoker/smoker_porkham[minecraft:smoking]'! Falling back to vanilla: ItemStack 'result' can't be empty!
[18:19:59] [WARN] Failed to parse recipe 'mekanism:reaction/coal_gasification/coals[mekanism:reaction]'! Falling back to vanilla: Cannot invoke "com.google.gson.JsonElement.getAsString()" because the return value of "com.google.gson.JsonObject.get(String)" is null
[18:19:59] [WARN] Failed to parse recipe 'mekanism:rotary/hydrogen[mekanism:rotary]'! Falling back to vanilla: Cannot invoke "com.google.gson.JsonElement.getAsString()" because the return value of "com.google.gson.JsonObject.get(String)" is null
[18:19:59] [WARN] Failed to parse recipe 'butcher:smoker/smoker_calimari[minecraft:smoking]'! Falling back to vanilla: ItemStack 'result' can't be empty!
[18:19:59] [WARN] Failed to parse recipe 'mekanism:rotary/water_vapor[mekanism:rotary]'! Falling back to vanilla: Cannot invoke "com.google.gson.JsonElement.getAsString()" because the return value of "com.google.gson.JsonObject.get(String)" is null
[18:19:59] [WARN] Failed to parse recipe 'mekanism:rotary/uranium_oxide[mekanism:rotary]'! Falling back to vanilla: Cannot invoke "com.google.gson.JsonElement.getAsString()" because the return value of "com.google.gson.JsonObject.get(String)" is null
[18:19:59] [WARN] Failed to parse recipe 'mekanism:processing/lead/slurry/clean[mekanism:washing]'! Falling back to vanilla: Cannot invoke "com.google.gson.JsonElement.getAsString()" because the return value of "com.google.gson.JsonObject.get(String)" is null
[18:19:59] [WARN] Failed to parse recipe 'butcher:smoker/smoker_lambsirloin[minecraft:smoking]'! Falling back to vanilla: ItemStack 'result' can't be empty!
[18:19:59] [WARN] Failed to parse recipe 'butcher:smoker/smoker_porkcrackling[minecraft:smoking]'! Falling back to vanilla: ItemStack 'result' can't be empty!
[18:19:59] [WARN] Failed to parse recipe 'mekanism:reaction/substrate/ethene_oxygen[mekanism:reaction]'! Falling back to vanilla: Cannot invoke "com.google.gson.JsonElement.getAsString()" because the return value of "com.google.gson.JsonObject.get(String)" is null
[18:20:00] [WARN] Failed to parse recipe 'farmersdelight:cutting/azure_sign[farmersdelight:cutting]'! Falling back to vanilla: Failed to parse custom ingredient ("farmersdelight:tool") from {"type":"farmersdelight:tool","tool":"axe"}: com.google.gson.JsonSyntaxException: Unknown ingredient type: farmersdelight:tool
[18:20:00] [WARN] Failed to parse recipe 'outer_end:himmel_vertical_slab_stonecutting[minecraft:stonecutting]'! Falling back to vanilla: ItemStack 'result' can't be empty!
[18:20:00] [WARN] Failed to parse recipe 'outer_end:violite/tiles/vertical_slab[minecraft:crafting_shaped]'! Falling back to vanilla: ItemStack 'result' can't be empty!
[18:20:00] [WARN] Failed to parse recipe 'mekanism:rotary/ethene[mekanism:rotary]'! Falling back to vanilla: Cannot invoke "com.google.gson.JsonElement.getAsString()" because the return value of "com.google.gson.JsonObject.get(String)" is null
[18:20:00] [WARN] Failed to parse recipe 'butcher:smoker/smoker_villagermeat[minecraft:smoking]'! Falling back to vanilla: ItemStack 'result' can't be empty!
[18:20:00] [WARN] Failed to parse recipe 'mekanism:rotary/sulfur_dioxide[mekanism:rotary]'! Falling back to vanilla: Cannot invoke "com.google.gson.JsonElement.getAsString()" because the return value of "com.google.gson.JsonObject.get(String)" is null
[18:20:00] [WARN] Failed to parse recipe 'butcher:smoker/smoker_rumpsteak[minecraft:smoking]'! Falling back to vanilla: ItemStack 'result' can't be empty!
[18:20:00] [WARN] Failed to parse recipe 'butcher:smoker/smoker_orangefrogleg[minecraft:smoking]'! Falling back to vanilla: ItemStack 'result' can't be empty!
[18:20:00] [WARN] Failed to parse recipe 'mekanism:rotary/oxygen[mekanism:rotary]'! Falling back to vanilla: Cannot invoke "com.google.gson.JsonElement.getAsString()" because the return value of "com.google.gson.JsonObject.get(String)" is null
[18:20:00] [WARN] Failed to parse recipe 'mekanism:separator/water[mekanism:separating]'! Falling back to vanilla: Cannot invoke "com.google.gson.JsonElement.getAsString()" because the return value of "com.google.gson.JsonObject.get(String)" is null
[18:20:00] [WARN] Failed to parse recipe 'mekanism:reaction/substrate/water_hydrogen[mekanism:reaction]'! Falling back to vanilla: Cannot invoke "com.google.gson.JsonElement.getAsString()" because the return value of "com.google.gson.JsonObject.get(String)" is null
[18:20:00] [WARN] Failed to parse recipe 'outer_end:azure_vertical_slab[minecraft:crafting_shaped]'! Falling back to vanilla: ItemStack 'result' can't be empty!
[18:20:00] [WARN] Failed to parse recipe 'mekanism:evaporating/lithium[mekanism:evaporating]'! Falling back to vanilla: Cannot invoke "com.google.gson.JsonElement.getAsString()" because the return value of "com.google.gson.JsonObject.get(String)" is null
[18:20:00] [WARN] Failed to parse recipe 'butcher:smoker/smoker_lambrib[minecraft:smoking]'! Falling back to vanilla: ItemStack 'result' can't be empty!
[18:20:00] [WARN] Failed to parse recipe 'mekanism:reaction/wood_gasification/wooden_stairs[mekanism:reaction]'! Falling back to vanilla: Cannot invoke "com.google.gson.JsonElement.getAsString()" because the return value of "com.google.gson.JsonObject.get(String)" is null
[18:20:00] [WARN] Failed to parse recipe 'outer_end:azure_vertical_planks[minecraft:crafting_shaped]'! Falling back to vanilla: ItemStack 'result' can't be empty!
[18:20:00] [WARN] Failed to parse recipe 'mekanism:rotary/brine[mekanism:rotary]'! Falling back to vanilla: Cannot invoke "com.google.gson.JsonElement.getAsString()" because the return value of "com.google.gson.JsonObject.get(String)" is null
[18:20:00] [WARN] Failed to parse recipe 'mekanism:rotary/lithium[mekanism:rotary]'! Falling back to vanilla: Cannot invoke "com.google.gson.JsonElement.getAsString()" because the return value of "com.google.gson.JsonObject.get(String)" is null
[18:20:00] [WARN] Failed to parse recipe 'butcher:smoker/smoker_hoglinmeat[minecraft:smoking]'! Falling back to vanilla: ItemStack 'result' can't be empty!
[18:20:00] [WARN] Failed to parse recipe 'outer_end:violite/vertical_slab[minecraft:crafting_shaped]'! Falling back to vanilla: ItemStack 'result' can't be empty!
[18:20:00] [WARN] Failed to parse recipe 'outer_end:violite/bricks/vertical_slab_violite_stonecutting[minecraft:stonecutting]'! Falling back to vanilla: ItemStack 'result' can't be empty!
[18:20:00] [WARN] Failed to parse recipe 'butcher:smoker/smoker_porkshoulder[minecraft:smoking]'! Falling back to vanilla: ItemStack 'result' can't be empty!
[18:20:00] [WARN] Failed to parse recipe 'butcher:furnace/furnace_lambloin[minecraft:smelting]'! Falling back to vanilla: ItemStack 'result' can't be empty!
[18:20:00] [WARN] Failed to parse recipe 'mekanism:reaction/wood_gasification/planks[mekanism:reaction]'! Falling back to vanilla: Cannot invoke "com.google.gson.JsonElement.getAsString()" because the return value of "com.google.gson.JsonObject.get(String)" is null
[18:20:00] [WARN] Failed to parse recipe 'outer_end:violite/vertical_slab_stonecutting[minecraft:stonecutting]'! Falling back to vanilla: ItemStack 'result' can't be empty!
[18:20:00] [WARN] Failed to parse recipe 'butcher:smoker/smoker_chucksteak[minecraft:smoking]'! Falling back to vanilla: ItemStack 'result' can't be empty!
[18:20:00] [WARN] Failed to parse recipe 'mekanism:reaction/wood_gasification/rods_wooden[mekanism:reaction]'! Falling back to vanilla: Cannot invoke "com.google.gson.JsonElement.getAsString()" because the return value of "com.google.gson.JsonObject.get(String)" is null
[18:20:00] [WARN] Failed to parse recipe 'butcher:smoker/smoker_tbonesteak[minecraft:smoking]'! Falling back to vanilla: ItemStack 'result' can't be empty!
[18:20:00] [WARN] Failed to parse recipe 'farmersdelight:cutting/azure_pith[farmersdelight:cutting]'! Falling back to vanilla: Failed to parse custom ingredient ("farmersdelight:tool") from {"type":"farmersdelight:tool","tool":"axe"}: com.google.gson.JsonSyntaxException: Unknown ingredient type: farmersdelight:tool
[18:20:00] [WARN] Failed to parse recipe 'mekanism:processing/uranium/slurry/clean[mekanism:washing]'! Falling back to vanilla: Cannot invoke "com.google.gson.JsonElement.getAsString()" because the return value of "com.google.gson.JsonObject.get(String)" is null
[18:20:00] [WARN] Failed to parse recipe 'outer_end:azure_post[minecraft:crafting_shaped]'! Falling back to vanilla: ItemStack 'result' can't be empty!
[18:20:00] [WARN] Failed to parse recipe 'mekanism:reaction/wood_gasification/dusts_wood[mekanism:reaction]'! Falling back to vanilla: Cannot invoke "com.google.gson.JsonElement.getAsString()" because the return value of "com.google.gson.JsonObject.get(String)" is null
[18:20:00] [WARN] Failed to parse recipe 'mekanism:rotary/uranium_hexafluoride[mekanism:rotary]'! Falling back to vanilla: Cannot invoke "com.google.gson.JsonElement.getAsString()" because the return value of "com.google.gson.JsonObject.get(String)" is null
[18:20:00] [WARN] Failed to parse recipe 'butcher:smoker/smoker_lambloin[minecraft:smoking]'! Falling back to vanilla: ItemStack 'result' can't be empty!
[18:20:00] [WARN] Failed to parse recipe 'mekanism:separator/brine[mekanism:separating]'! Falling back to vanilla: Cannot invoke "com.google.gson.JsonElement.getAsString()" because the return value of "com.google.gson.JsonObject.get(String)" is null
[18:20:00] [WARN] Failed to parse recipe 'butcher:smoker/smoker_grayfrogsleg[minecraft:smoking]'! Falling back to vanilla: ItemStack 'result' can't be empty!
[18:20:00] [WARN] Failed to parse recipe 'mekanism:processing/iron/slurry/clean[mekanism:washing]'! Falling back to vanilla: Cannot invoke "com.google.gson.JsonElement.getAsString()" because the return value of "com.google.gson.JsonObject.get(String)" is null
[18:20:00] [WARN] Failed to parse recipe 'mekanism:evaporating/brine[mekanism:evaporating]'! Falling back to vanilla: Cannot invoke "com.google.gson.JsonElement.getAsString()" because the return value of "com.google.gson.JsonObject.get(String)" is null
[18:20:00] [WARN] Failed to parse recipe 'mekanism:reaction/substrate/water_ethene[mekanism:reaction]'! Falling back to vanilla: Cannot invoke "com.google.gson.JsonElement.getAsString()" because the return value of "com.google.gson.JsonObject.get(String)" is null
[18:20:00] [WARN] Failed to parse recipe 'mekanism:rotary/sodium[mekanism:rotary]'! Falling back to vanilla: Cannot invoke "com.google.gson.JsonElement.getAsString()" because the return value of "com.google.gson.JsonObject.get(String)" is null
[18:20:00] [WARN] Failed to parse recipe 'mekanism:reaction/wood_gasification/logs[mekanism:reaction]'! Falling back to vanilla: Cannot invoke "com.google.gson.JsonElement.getAsString()" because the return value of "com.google.gson.JsonObject.get(String)" is null
[18:20:00] [WARN] Failed to parse recipe 'outer_end:violite/mossy_tiles/vertical_slab[minecraft:crafting_shaped]'! Falling back to vanilla: ItemStack 'result' can't be empty!
[18:20:00] [WARN] Failed to parse recipe 'farmersdelight:cutting/azure_stem[farmersdelight:cutting]'! Falling back to vanilla: Failed to parse custom ingredient ("farmersdelight:tool") from {"type":"farmersdelight:tool","tool":"axe"}: com.google.gson.JsonSyntaxException: Unknown ingredient type: farmersdelight:tool
[18:20:00] [WARN] Failed to parse recipe 'outer_end:violite/mossy_bricks/vertical_slab[minecraft:crafting_shaped]'! Falling back to vanilla: ItemStack 'result' can't be empty!
[18:20:00] [WARN] Failed to parse recipe 'butcher:smoker/smoker_porkloin[minecraft:smoking]'! Falling back to vanilla: ItemStack 'result' can't be empty!
[18:20:00] [WARN] Failed to parse recipe 'farmersdelight:cutting/azure_trapdoor[farmersdelight:cutting]'! Falling back to vanilla: Failed to parse custom ingredient ("farmersdelight:tool") from {"type":"farmersdelight:tool","tool":"axe"}: com.google.gson.JsonSyntaxException: Unknown ingredient type: farmersdelight:tool
[18:20:00] [WARN] Failed to parse recipe 'mekanism:processing/tin/slurry/clean[mekanism:washing]'! Falling back to vanilla: Cannot invoke "com.google.gson.JsonElement.getAsString()" because the return value of "com.google.gson.JsonObject.get(String)" is null
[18:20:00] [INFO] Found 8945 recipes in 688.3 ms
[18:20:00] [INFO] alex_cave/alex_cave_add.js#19: Hello! The Alex's Cave addition recipe event has fired!
[18:20:00] [INFO] ae2/ae2_remove.js#8: Hello! The AE2 removal recipe event has fired!
[18:20:00] [INFO] alex_cave/alex_cave_remove.js#4: Hello! The Alex's Cave removal recipe event has fired!
[18:20:00] [INFO] chests/chest.js#55: Removed recipe for 'minecraft:chest,minecraft:barrel,minecraft:ender_chest,minecraft:trapped_chest,minecraft:hopper,outer_end:azure_chest_boat,outer_end:azure_chest,outer_end:azure_trapped_chest,ae2:chest,ae2:smooth_sky_stone_chest,ae2:sky_stone_chest,#minecraft:chest_boats,minecraft:minecart,minecraft:hopper_minecart,minecraft:chest_minecart,minecraft:furnace_minecart,minecraft:tnt_minecart'.
[18:20:00] [INFO] chests/chest.js#57: Hello! The Chest removal recipe event has fired!
[18:20:00] [INFO] create/create_remove.js#188: Hello! The Create removal recipe event has fired!
[18:20:00] [INFO] enigmatic_legacy/remove.js#31: Hello! The EnigmaticLegacy removal recipe event has fired!
[18:20:00] [INFO] skilltree/skilltree.js#8: Hello! The Skilltree removal recipe event has fired!
[18:20:00] [INFO] vanilla/campfire_remove.js#8: Hello! The Vanilla Campfire recipe event has fired!
[18:20:00] [INFO] vanilla/vanilla._remove.js#118: Hello! The Vanilla removal recipe event has fired!
[18:20:00] [INFO] Posted recipe events in 53.71 ms
[18:20:00] [WARN] Error parsing recipe outer_end:violite/mossy_bricks/slab_from_vertical_slab[minecraft:crafting_shaped]: {"type":"minecraft:crafting_shaped","pattern":[" "," "," "],"key":{},"result":{"item":"outer_end:mossy_violite_brick_slab","count":3}}: Index 0 out of bounds for length 0
[18:20:00] [WARN] Error parsing recipe forbidden_arcanus:edelwood_chest_boat[minecraft:crafting_shapeless]: {"type":"minecraft:crafting_shapeless","category":"misc","ingredients":[{"item":"forbidden_arcanus:edelwood_boat"},{"fabric_value":{"tag":"c:chests"},"forge_value":{"tag":"forge:chests/wooden"}}],"result":{"item":"forbidden_arcanus:edelwood_chest_boat"}}: An ingredient entry needs either a tag or an item
[18:20:00] [WARN] Error parsing recipe outer_end:azure_vertical_to_slab[minecraft:crafting_shaped]: {"type":"minecraft:crafting_shaped","pattern":[" "," "," "],"key":{},"result":{"item":"outer_end:azure_slab","count":3}}: Index 0 out of bounds for length 0
[18:20:00] [WARN] Error parsing recipe outer_end:violite/slab_from_vertical_slab[minecraft:crafting_shaped]: {"type":"minecraft:crafting_shaped","pattern":[" "," "," "],"key":{},"result":{"item":"outer_end:violite_slab","count":3}}: Index 0 out of bounds for length 0
[18:20:00] [WARN] Error parsing recipe forbidden_arcanus:aurum_chest_boat[minecraft:crafting_shapeless]: {"type":"minecraft:crafting_shapeless","category":"misc","ingredients":[{"item":"forbidden_arcanus:aurum_boat"},{"fabric_value":{"tag":"c:chests"},"forge_value":{"tag":"forge:chests/wooden"}}],"result":{"item":"forbidden_arcanus:aurum_chest_boat"}}: An ingredient entry needs either a tag or an item
[18:20:00] [WARN] Error parsing recipe outer_end:violite/mossy_tiles/slab_from_vertical_slab[minecraft:crafting_shaped]: {"type":"minecraft:crafting_shaped","pattern":[" "," "," "],"key":{},"result":{"item":"outer_end:mossy_violite_tile_slab","count":3}}: Index 0 out of bounds for length 0
[18:20:00] [WARN] Error parsing recipe outer_end:azure_vertical_to_planks[minecraft:crafting_shaped]: {"type":"minecraft:crafting_shaped","pattern":[" "," "," "],"key":{},"result":{"item":"outer_end:azure_planks","count":3}}: Index 0 out of bounds for length 0
[18:20:00] [WARN] Error parsing recipe alexsdelight:barbecue_on_a_stick[minecraft:crafting_shapeless]: {"group":"barbecue_stick","type":"minecraft:crafting_shapeless","ingredients":[{"item":"farmersdelight:tomato"},{"item":"farmersdelight:onion"},{"item":"amfd:singular_cooked_moose_rib"},{"item":"minecraft:cooked_chicken"},{"item":"minecraft:stick"},{"item":"minecraft:stick"}],"result":{"item":"farmersdelight:barbecue_stick","count":2}}: Unknown item 'amfd:singular_cooked_moose_rib'
[18:20:00] [WARN] Error parsing recipe outer_end:violite/bricks/slab_from_vertical_slab[minecraft:crafting_shaped]: {"type":"minecraft:crafting_shaped","pattern":[" "," "," "],"key":{},"result":{"item":"outer_end:violite_brick_slab","count":3}}: Index 0 out of bounds for length 0
[18:20:00] [WARN] Error parsing recipe outer_end:violite/tiles/slab_from_vertical_slab[minecraft:crafting_shaped]: {"type":"minecraft:crafting_shaped","pattern":[" "," "," "],"key":{},"result":{"item":"outer_end:violite_tile_slab","count":3}}: Index 0 out of bounds for length 0
[18:20:00] [WARN] Error parsing recipe outer_end:himmel_vertical_to_slab[minecraft:crafting_shaped]: {"type":"minecraft:crafting_shaped","pattern":[" "," "," "],"key":{},"result":{"item":"outer_end:himmel_slab","count":3}}: Index 0 out of bounds for length 0
[18:20:00] [INFO] Added 2 recipes, removed 834 recipes, modified 16 recipes, with 11 failed recipes in 72.04 ms
[18:20:00] [INFO] chests/chest.js#47: minecraft:chest will now drop minecraft:air and spill its inventory.
[18:20:00] [INFO] chests/chest.js#47: minecraft:barrel will now drop minecraft:air and spill its inventory.
[18:20:00] [INFO] chests/chest.js#47: minecraft:ender_chest will now drop minecraft:air and spill its inventory.
[18:20:00] [INFO] chests/chest.js#47: minecraft:trapped_chest will now drop minecraft:air and spill its inventory.
[18:20:00] [INFO] chests/chest.js#47: minecraft:hopper will now drop minecraft:air and spill its inventory.
[18:20:00] [INFO] chests/chest.js#47: outer_end:azure_chest_boat will now drop minecraft:air and spill its inventory.
[18:20:00] [INFO] chests/chest.js#47: outer_end:azure_chest will now drop minecraft:air and spill its inventory.
[18:20:00] [INFO] chests/chest.js#47: outer_end:azure_trapped_chest will now drop minecraft:air and spill its inventory.
[18:20:00] [INFO] chests/chest.js#47: ae2:chest will now drop minecraft:air and spill its inventory.
[18:20:00] [INFO] chests/chest.js#47: ae2:smooth_sky_stone_chest will now drop minecraft:air and spill its inventory.
[18:20:00] [INFO] chests/chest.js#47: ae2:sky_stone_chest will now drop minecraft:air and spill its inventory.
[18:20:05] [INFO] Server resource reload complete!
