[17:54:13] [INIT] KubeJS 2001.6.5-build.16; MC 2001 forge
[17:54:13] [INIT] Loaded plugins:
[17:54:13] [INIT] - dev.latvian.mods.kubejs.forge.BuiltinKubeJSForgePlugin
[17:54:13] [INIT] - dev.latvian.mods.kubejs.forge.BuiltinKubeJSForgeClientPlugin
[17:54:13] [INIT] - dev.latvian.mods.kubejs.integration.forge.gamestages.GameStagesIntegration
[17:54:13] [INIT] - pro.mikey.kubeutils.kubejs.KubeUtilsPlugin
[17:54:13] [INIT] - net.zhaiji.kubejscurios.kubejs.KubeJSCuriosPlugin
[17:54:13] [INIT] - com.jesz.createdieselgenerators.compat.kubejs.CDGKubeJSPlugin
[17:54:13] [INIT] - com.lowdragmc.lowdraglib.kjs.LDLibKubeJSPlugin
[17:54:13] [INIT] - pie.ilikepiefoo.kubejsoffline.OfflinePlugin
[17:54:13] [INIT] - com.lowdragmc.mbd2.integration.kubejs.MBDKubeJSPlugin
[17:54:13] [INIT] - dev.latvian.mods.kubejs.create.KubeJSCreatePlugin
[17:54:13] [INIT] - com.almostreliable.morejs.Plugin
[17:54:13] [INIT] - dev.latvian.kubejs.mekanism.MekanismKubeJSPlugin
[17:54:13] [INIT] - pie.ilikepiefoo.AdditionsPlugin
[17:54:13] [INIT] - pie.ilikepiefoo.compat.jei.JEIKubeJSPlugin
[17:54:13] [INIT] - qinomed.kubejsdelight.KubeJSDelightPlugin
[17:54:13] [INIT] - com.almostreliable.lootjs.kube.LootJSPlugin
[17:54:13] [INIT] - com.probejs.ProbeJSPlugin
[17:54:13] [INIT] - com.almostreliable.summoningrituals.compat.kubejs.AlmostKube
[17:54:13] [INIT] - com.almostreliable.ponderjs.KubePlugin
[17:54:13] [INIT] - net.cathienova.kubejsbloodmagic.KubeJSBloodMagicPlugin
[17:54:15] [INFO] Loaded script startup_scripts:@recipes/potion/effects.js in 0.115 s
[17:54:15] [INFO] @recipes/potion/potion_remove.js#12: Hello, World! (Loaded Potion removal server scripts)
[17:54:15] [INFO] Loaded script startup_scripts:@recipes/potion/potion_remove.js in 0.026 s
[17:54:15] [INFO] Loaded 2/2 KubeJS startup scripts in 1.738 s with 0 errors and 0 warnings
[17:54:35] [INFO] @recipes/potion/potion_remove.js#3: Removed potion brewing recipe: minecraft:water + {"item":"minecraft:glistering_melon_slice"} -> minecraft:mundane
[17:54:35] [INFO] @recipes/potion/potion_remove.js#3: Removed potion brewing recipe: minecraft:water + {"item":"minecraft:ghast_tear"} -> minecraft:mundane
[17:54:35] [INFO] @recipes/potion/potion_remove.js#3: Removed potion brewing recipe: minecraft:water + {"item":"minecraft:rabbit_foot"} -> minecraft:mundane
[17:54:35] [INFO] @recipes/potion/potion_remove.js#3: Removed potion brewing recipe: minecraft:water + {"item":"minecraft:blaze_powder"} -> minecraft:mundane
[17:54:35] [INFO] @recipes/potion/potion_remove.js#3: Removed potion brewing recipe: minecraft:water + {"item":"minecraft:spider_eye"} -> minecraft:mundane
[17:54:35] [INFO] @recipes/potion/potion_remove.js#3: Removed potion brewing recipe: minecraft:water + {"item":"minecraft:sugar"} -> minecraft:mundane
[17:54:35] [INFO] @recipes/potion/potion_remove.js#3: Removed potion brewing recipe: minecraft:water + {"item":"minecraft:magma_cream"} -> minecraft:mundane
[17:54:35] [INFO] @recipes/potion/potion_remove.js#3: Removed potion brewing recipe: minecraft:water + {"item":"minecraft:glowstone_dust"} -> minecraft:thick
[17:54:35] [INFO] @recipes/potion/potion_remove.js#3: Removed potion brewing recipe: minecraft:water + {"item":"minecraft:redstone"} -> minecraft:mundane
[17:54:35] [INFO] @recipes/potion/potion_remove.js#3: Removed potion brewing recipe: minecraft:water + {"item":"minecraft:nether_wart"} -> minecraft:awkward
[17:54:35] [INFO] @recipes/potion/potion_remove.js#3: Removed potion brewing recipe: minecraft:awkward + {"item":"minecraft:golden_carrot"} -> minecraft:night_vision
[17:54:35] [INFO] @recipes/potion/potion_remove.js#3: Removed potion brewing recipe: minecraft:night_vision + {"item":"minecraft:redstone"} -> minecraft:long_night_vision
[17:54:35] [INFO] @recipes/potion/potion_remove.js#3: Removed potion brewing recipe: minecraft:night_vision + {"item":"minecraft:fermented_spider_eye"} -> minecraft:invisibility
[17:54:35] [INFO] @recipes/potion/potion_remove.js#3: Removed potion brewing recipe: minecraft:long_night_vision + {"item":"minecraft:fermented_spider_eye"} -> minecraft:long_invisibility
[17:54:35] [INFO] @recipes/potion/potion_remove.js#3: Removed potion brewing recipe: minecraft:invisibility + {"item":"minecraft:redstone"} -> minecraft:long_invisibility
[17:54:35] [INFO] @recipes/potion/potion_remove.js#3: Removed potion brewing recipe: minecraft:awkward + {"item":"minecraft:magma_cream"} -> minecraft:fire_resistance
[17:54:35] [INFO] @recipes/potion/potion_remove.js#3: Removed potion brewing recipe: minecraft:fire_resistance + {"item":"minecraft:redstone"} -> minecraft:long_fire_resistance
[17:54:35] [INFO] @recipes/potion/potion_remove.js#3: Removed potion brewing recipe: minecraft:awkward + {"item":"minecraft:rabbit_foot"} -> minecraft:leaping
[17:54:35] [INFO] @recipes/potion/potion_remove.js#3: Removed potion brewing recipe: minecraft:leaping + {"item":"minecraft:redstone"} -> minecraft:long_leaping
[17:54:35] [INFO] @recipes/potion/potion_remove.js#3: Removed potion brewing recipe: minecraft:leaping + {"item":"minecraft:glowstone_dust"} -> minecraft:strong_leaping
[17:54:35] [INFO] @recipes/potion/potion_remove.js#3: Removed potion brewing recipe: minecraft:leaping + {"item":"minecraft:fermented_spider_eye"} -> minecraft:slowness
[17:54:35] [INFO] @recipes/potion/potion_remove.js#3: Removed potion brewing recipe: minecraft:long_leaping + {"item":"minecraft:fermented_spider_eye"} -> minecraft:long_slowness
[17:54:35] [INFO] @recipes/potion/potion_remove.js#3: Removed potion brewing recipe: minecraft:slowness + {"item":"minecraft:redstone"} -> minecraft:long_slowness
[17:54:35] [INFO] @recipes/potion/potion_remove.js#3: Removed potion brewing recipe: minecraft:slowness + {"item":"minecraft:glowstone_dust"} -> minecraft:strong_slowness
[17:54:35] [INFO] @recipes/potion/potion_remove.js#3: Removed potion brewing recipe: minecraft:awkward + {"item":"minecraft:turtle_helmet"} -> minecraft:turtle_master
[17:54:35] [INFO] @recipes/potion/potion_remove.js#3: Removed potion brewing recipe: minecraft:turtle_master + {"item":"minecraft:redstone"} -> minecraft:long_turtle_master
[17:54:35] [INFO] @recipes/potion/potion_remove.js#3: Removed potion brewing recipe: minecraft:turtle_master + {"item":"minecraft:glowstone_dust"} -> minecraft:strong_turtle_master
[17:54:35] [INFO] @recipes/potion/potion_remove.js#3: Removed potion brewing recipe: minecraft:swiftness + {"item":"minecraft:fermented_spider_eye"} -> minecraft:slowness
[17:54:35] [INFO] @recipes/potion/potion_remove.js#3: Removed potion brewing recipe: minecraft:long_swiftness + {"item":"minecraft:fermented_spider_eye"} -> minecraft:long_slowness
[17:54:35] [INFO] @recipes/potion/potion_remove.js#3: Removed potion brewing recipe: minecraft:awkward + {"item":"minecraft:sugar"} -> minecraft:swiftness
[17:54:35] [INFO] @recipes/potion/potion_remove.js#3: Removed potion brewing recipe: minecraft:swiftness + {"item":"minecraft:redstone"} -> minecraft:long_swiftness
[17:54:35] [INFO] @recipes/potion/potion_remove.js#3: Removed potion brewing recipe: minecraft:swiftness + {"item":"minecraft:glowstone_dust"} -> minecraft:strong_swiftness
[17:54:35] [INFO] @recipes/potion/potion_remove.js#3: Removed potion brewing recipe: minecraft:awkward + {"item":"minecraft:pufferfish"} -> minecraft:water_breathing
[17:54:35] [INFO] @recipes/potion/potion_remove.js#3: Removed potion brewing recipe: minecraft:water_breathing + {"item":"minecraft:redstone"} -> minecraft:long_water_breathing
[17:54:35] [INFO] @recipes/potion/potion_remove.js#3: Removed potion brewing recipe: minecraft:awkward + {"item":"minecraft:glistering_melon_slice"} -> minecraft:healing
[17:54:35] [INFO] @recipes/potion/potion_remove.js#3: Removed potion brewing recipe: minecraft:healing + {"item":"minecraft:glowstone_dust"} -> minecraft:strong_healing
[17:54:35] [INFO] @recipes/potion/potion_remove.js#3: Removed potion brewing recipe: minecraft:healing + {"item":"minecraft:fermented_spider_eye"} -> minecraft:harming
[17:54:35] [INFO] @recipes/potion/potion_remove.js#3: Removed potion brewing recipe: minecraft:strong_healing + {"item":"minecraft:fermented_spider_eye"} -> minecraft:strong_harming
[17:54:35] [INFO] @recipes/potion/potion_remove.js#3: Removed potion brewing recipe: minecraft:harming + {"item":"minecraft:glowstone_dust"} -> minecraft:strong_harming
[17:54:35] [INFO] @recipes/potion/potion_remove.js#3: Removed potion brewing recipe: minecraft:poison + {"item":"minecraft:fermented_spider_eye"} -> minecraft:harming
[17:54:35] [INFO] @recipes/potion/potion_remove.js#3: Removed potion brewing recipe: minecraft:long_poison + {"item":"minecraft:fermented_spider_eye"} -> minecraft:harming
[17:54:35] [INFO] @recipes/potion/potion_remove.js#3: Removed potion brewing recipe: minecraft:strong_poison + {"item":"minecraft:fermented_spider_eye"} -> minecraft:strong_harming
[17:54:35] [INFO] @recipes/potion/potion_remove.js#3: Removed potion brewing recipe: minecraft:awkward + {"item":"minecraft:spider_eye"} -> minecraft:poison
[17:54:35] [INFO] @recipes/potion/potion_remove.js#3: Removed potion brewing recipe: minecraft:poison + {"item":"minecraft:redstone"} -> minecraft:long_poison
[17:54:35] [INFO] @recipes/potion/potion_remove.js#3: Removed potion brewing recipe: minecraft:poison + {"item":"minecraft:glowstone_dust"} -> minecraft:strong_poison
[17:54:35] [INFO] @recipes/potion/potion_remove.js#3: Removed potion brewing recipe: minecraft:awkward + {"item":"minecraft:ghast_tear"} -> minecraft:regeneration
[17:54:35] [INFO] @recipes/potion/potion_remove.js#3: Removed potion brewing recipe: minecraft:regeneration + {"item":"minecraft:redstone"} -> minecraft:long_regeneration
[17:54:35] [INFO] @recipes/potion/potion_remove.js#3: Removed potion brewing recipe: minecraft:regeneration + {"item":"minecraft:glowstone_dust"} -> minecraft:strong_regeneration
[17:54:35] [INFO] @recipes/potion/potion_remove.js#3: Removed potion brewing recipe: minecraft:awkward + {"item":"minecraft:blaze_powder"} -> minecraft:strength
[17:54:35] [INFO] @recipes/potion/potion_remove.js#3: Removed potion brewing recipe: minecraft:strength + {"item":"minecraft:redstone"} -> minecraft:long_strength
[17:54:35] [INFO] @recipes/potion/potion_remove.js#3: Removed potion brewing recipe: minecraft:strength + {"item":"minecraft:glowstone_dust"} -> minecraft:strong_strength
[17:54:35] [INFO] @recipes/potion/potion_remove.js#3: Removed potion brewing recipe: minecraft:water + {"item":"minecraft:fermented_spider_eye"} -> minecraft:weakness
[17:54:35] [INFO] @recipes/potion/potion_remove.js#3: Removed potion brewing recipe: minecraft:weakness + {"item":"minecraft:redstone"} -> minecraft:long_weakness
[17:54:35] [INFO] @recipes/potion/potion_remove.js#3: Removed potion brewing recipe: minecraft:awkward + {"item":"minecraft:phantom_membrane"} -> minecraft:slow_falling
[17:54:35] [INFO] @recipes/potion/potion_remove.js#3: Removed potion brewing recipe: minecraft:slow_falling + {"item":"minecraft:redstone"} -> minecraft:long_slow_falling
[17:54:35] [INFO] @recipes/potion/potion_remove.js#3: Removed potion brewing recipe: minecraft:water + {"item":"forbidden_arcanus:strange_root"} -> minecraft:awkward
[17:54:35] [INFO] @recipes/potion/potion_remove.js#3: Removed potion brewing recipe: minecraft:awkward + [] -> quark:resilience
[17:54:35] [INFO] @recipes/potion/potion_remove.js#3: Removed potion brewing recipe: minecraft:water + [] -> minecraft:mundane
[17:54:35] [INFO] @recipes/potion/potion_remove.js#3: Removed potion brewing recipe: quark:resilience + [] -> quark:strong_resilience
[17:54:35] [INFO] @recipes/potion/potion_remove.js#3: Removed potion brewing recipe: quark:resilience + [] -> quark:long_resilience
[17:54:35] [INFO] @recipes/potion/potion_remove.js#3: Removed potion brewing recipe: minecraft:water + {"item":"miners_delight:copper_carrot"} -> minecraft:mundane
[17:54:35] [INFO] @recipes/potion/potion_remove.js#3: Removed potion brewing recipe: minecraft:awkward + {"item":"miners_delight:copper_carrot"} -> miners_delight:haste
[17:54:35] [INFO] @recipes/potion/potion_remove.js#3: Removed potion brewing recipe: miners_delight:haste + {"item":"minecraft:redstone"} -> miners_delight:long_haste
[17:54:35] [INFO] @recipes/potion/potion_remove.js#3: Removed potion brewing recipe: miners_delight:haste + {"item":"minecraft:glowstone_dust"} -> miners_delight:strong_haste
[17:54:35] [INFO] @recipes/potion/potion_remove.js#3: Removed potion brewing recipe: miners_delight:haste + {"item":"minecraft:fermented_spider_eye"} -> miners_delight:mining_fatigue
[17:54:35] [INFO] @recipes/potion/potion_remove.js#3: Removed potion brewing recipe: miners_delight:long_haste + {"item":"minecraft:fermented_spider_eye"} -> miners_delight:long_haste
[17:54:35] [INFO] @recipes/potion/potion_remove.js#3: Removed potion brewing recipe: miners_delight:strong_haste + {"item":"minecraft:fermented_spider_eye"} -> miners_delight:strong_haste
[17:54:35] [INFO] @recipes/potion/potion_remove.js#3: Removed potion brewing recipe: miners_delight:mining_fatigue + {"item":"minecraft:redstone"} -> miners_delight:long_mining_fatigue
[17:54:35] [INFO] @recipes/potion/potion_remove.js#3: Removed potion brewing recipe: miners_delight:mining_fatigue + {"item":"minecraft:glowstone_dust"} -> miners_delight:strong_mining_fatigue
[17:54:35] [INFO] @recipes/potion/potion_remove.js#4: Removed potion container: minecraft:potion
[17:54:35] [INFO] @recipes/potion/potion_remove.js#4: Removed potion container: minecraft:lingering_potion
[17:54:35] [INFO] @recipes/potion/potion_remove.js#4: Removed potion container: minecraft:splash_potion
[17:54:35] [INFO] @recipes/potion/potion_remove.js#6: Hello! The Potion removal recipe event has fired!
